#
# There is insufficient memory for the Java Runtime Environment to continue.
# Native memory allocation (mmap) failed to map 264241152 bytes for Failed to commit area from 0x0000000704e00000 to 0x0000000714a00000 of length 264241152.
# Possible reasons:
#   The system is out of physical RAM or swap space
#   The process is running with CompressedOops enabled, and the Java Heap may be blocking the growth of the native heap
# Possible solutions:
#   Reduce memory load on the system
#   Increase physical memory or swap space
#   Check if swap backing store is full
#   Decrease Java heap size (-Xmx/-Xms)
#   Decrease number of Java threads
#   Decrease Java thread stack sizes (-Xss)
#   Set larger code cache with -XX:ReservedCodeCacheSize=
# This output file may be truncated or incomplete.
#
#  Out of Memory Error (c:/BuildAgent/work/5ff2f6c26000d570/src/hotspot/os/windows/os_windows.cpp:3281), pid=32056, tid=33872
#
# JRE version:  (11.0.4+10) (build )
# Java VM: OpenJDK 64-Bit Server VM (11.0.4+10-b304.77, mixed mode, aot, sharing, tiered, compressed oops, g1 gc, windows-amd64)
# No core dump will be written. Minidumps are not enabled by default on client versions of Windows
#

---------------  S U M M A R Y ------------

Command Line: org.jetbrains.git4idea.http.GitAskPassApp Username for 'https://github.com': 

Host: 12th Gen Intel(R) Core(TM) i7-12700H, 20 cores, 15G,  Windows 10 , 64 bit Build 22621 (10.0.22621.3374)
Time: Sat Apr 27 14:49:03 2024 中国标准时间 elapsed time: 0 seconds (0d 0h 0m 0s)

---------------  T H R E A D  ---------------

Current thread (0x000001c7fb069000):  JavaThread "Unknown thread" [_thread_in_vm, id=33872, stack(0x000000585c200000,0x000000585c300000)]

Stack: [0x000000585c200000,0x000000585c300000]
Native frames: (J=compiled Java code, j=interpreted, Vv=VM code, C=native code)
V  [jvm.dll+0x5db31a]
V  [jvm.dll+0x70c395]
V  [jvm.dll+0x70d8b8]
V  [jvm.dll+0x70df83]
V  [jvm.dll+0x23dbb8]
V  [jvm.dll+0x5d8a74]
V  [jvm.dll+0x5cdb05]
V  [jvm.dll+0x2fa5bb]
V  [jvm.dll+0x2fa52a]
V  [jvm.dll+0x2fa402]
V  [jvm.dll+0x2ff2c6]
V  [jvm.dll+0x347893]
V  [jvm.dll+0x347f96]
V  [jvm.dll+0x347993]
V  [jvm.dll+0x2d4e28]
V  [jvm.dll+0x2d5fd7]
V  [jvm.dll+0x6eb717]
V  [jvm.dll+0x6ecf0c]
V  [jvm.dll+0x354fb9]
V  [jvm.dll+0x6d35be]
V  [jvm.dll+0x3bd673]
V  [jvm.dll+0x3bf9f1]
C  [java.exe+0x3763]
C  [java.exe+0x17a0c]
C  [KERNEL32.DLL+0x1257d]
C  [ntdll.dll+0x5aa48]


---------------  P R O C E S S  ---------------

Threads class SMR info:
_java_thread_list=0x000001c7f8d45a70, length=0, elements={
}

Java Threads: ( => current thread )

Other Threads:
  0x000001c7fb082800 GCTaskThread "GC Thread#0" [stack: 0x000000585c300000,0x000000585c400000] [id=28508]
  0x000001c7fb0dd000 ConcurrentGCThread "G1 Main Marker" [stack: 0x000000585c400000,0x000000585c500000] [id=28944]
  0x000001c7fb0de800 ConcurrentGCThread "G1 Conc#0" [stack: 0x000000585c500000,0x000000585c600000] [id=31152]

[error occurred during error reporting (printing all threads), id 0xc0000005, EXCEPTION_ACCESS_VIOLATION (0xc0000005) at pc=0x00007ffabde95727]

VM state:not at safepoint (not fully initialized)

VM Mutex/Monitor currently owned by a thread:  ([mutex/lock_event])
[0x000001c7fb066b20] Heap_lock - owner thread: 0x000001c7fb069000

Heap address: 0x0000000704e00000, size: 4018 MB, Compressed Oops mode: Non-zero based: 0x0000000704e00000
Narrow klass base: 0x0000000000000000, Narrow klass shift: 0

GC Heap History (0 events):
No events

Deoptimization events (0 events):
No events

Classes redefined (0 events):
No events

Internal exceptions (0 events):
No events

Events (0 events):
No events


Dynamic libraries:
0x00007ff728090000 - 0x00007ff7280d7000 	E:\JAVA\IntelliJ IDEA\jbr\bin\java.exe
0x00007ffb811f0000 - 0x00007ffb81406000 	C:\WINDOWS\SYSTEM32\ntdll.dll
0x00007ffb80500000 - 0x00007ffb805c4000 	C:\WINDOWS\System32\KERNEL32.DLL
0x00007ffb7eb40000 - 0x00007ffb7eee7000 	C:\WINDOWS\System32\KERNELBASE.dll
0x00007ffb80fd0000 - 0x00007ffb8117e000 	C:\WINDOWS\System32\USER32.dll
0x00007ffb7e840000 - 0x00007ffb7e866000 	C:\WINDOWS\System32\win32u.dll
0x00007ffb80e20000 - 0x00007ffb80e49000 	C:\WINDOWS\System32\GDI32.dll
0x00007ffb7e720000 - 0x00007ffb7e839000 	C:\WINDOWS\System32\gdi32full.dll
0x00007ffb7e870000 - 0x00007ffb7e90a000 	C:\WINDOWS\System32\msvcp_win.dll
0x00007ffb7e4e0000 - 0x00007ffb7e5f1000 	C:\WINDOWS\System32\ucrtbase.dll
0x00007ffb5efa0000 - 0x00007ffb5f233000 	C:\WINDOWS\WinSxS\amd64_microsoft.windows.common-controls_6595b64144ccf1df_6.0.22621.3235_none_270f74e173860f98\COMCTL32.dll
0x00007ffb80a10000 - 0x00007ffb80ab7000 	C:\WINDOWS\System32\msvcrt.dll
0x00007ffb809c0000 - 0x00007ffb809f1000 	C:\WINDOWS\System32\IMM32.DLL
0x00007ffac2ec0000 - 0x00007ffac2ed7000 	E:\JAVA\IntelliJ IDEA\jbr\bin\vcruntime140.dll
0x00007ffac1fd0000 - 0x00007ffac206d000 	E:\JAVA\IntelliJ IDEA\jbr\bin\msvcp140.dll
0x00007ffabdbb0000 - 0x00007ffabe668000 	E:\JAVA\IntelliJ IDEA\jbr\bin\server\jvm.dll
0x00007ffb7faa0000 - 0x00007ffb7fb52000 	C:\WINDOWS\System32\ADVAPI32.dll
0x00007ffb80c80000 - 0x00007ffb80d28000 	C:\WINDOWS\System32\sechost.dll
0x00007ffb7e6f0000 - 0x00007ffb7e718000 	C:\WINDOWS\System32\bcrypt.dll
0x00007ffb7f500000 - 0x00007ffb7f615000 	C:\WINDOWS\System32\RPCRT4.dll
0x00007ffb80a00000 - 0x00007ffb80a08000 	C:\WINDOWS\System32\PSAPI.DLL
0x00007ffb3a1a0000 - 0x00007ffb3a1a9000 	C:\WINDOWS\SYSTEM32\WSOCK32.dll
0x00007ffb73360000 - 0x00007ffb73394000 	C:\WINDOWS\SYSTEM32\WINMM.dll
0x00007ffb73ad0000 - 0x00007ffb73ada000 	C:\WINDOWS\SYSTEM32\VERSION.dll
0x00007ffb7fbf0000 - 0x00007ffb7fc61000 	C:\WINDOWS\System32\WS2_32.dll
0x00007ffb7d610000 - 0x00007ffb7d628000 	C:\WINDOWS\SYSTEM32\kernel.appcore.dll
0x00007ffb0ed80000 - 0x00007ffb0ed91000 	E:\JAVA\IntelliJ IDEA\jbr\bin\verify.dll
0x00007ffb7b630000 - 0x00007ffb7b863000 	C:\WINDOWS\SYSTEM32\DBGHELP.DLL
0x00007ffb7f050000 - 0x00007ffb7f3d8000 	C:\WINDOWS\System32\combase.dll
0x00007ffb805d0000 - 0x00007ffb806a7000 	C:\WINDOWS\System32\OLEAUT32.dll
0x00007ffb70c80000 - 0x00007ffb70cb2000 	C:\WINDOWS\SYSTEM32\dbgcore.DLL
0x00007ffb7e600000 - 0x00007ffb7e679000 	C:\WINDOWS\System32\bcryptPrimitives.dll
0x00007ffaf6df0000 - 0x00007ffaf6e19000 	E:\JAVA\IntelliJ IDEA\jbr\bin\java.dll
0x00007ffaf6dd0000 - 0x00007ffaf6de7000 	E:\JAVA\IntelliJ IDEA\jbr\bin\zip.dll
0x00007ffb3a1b0000 - 0x00007ffb3a1bb000 	E:\JAVA\IntelliJ IDEA\jbr\bin\jimage.dll

dbghelp: loaded successfully - version: 4.0.5 - missing functions: none
symbol engine: initialized successfully - sym options: 0x614 - pdb path: .;E:\JAVA\IntelliJ IDEA\jbr\bin;C:\WINDOWS\SYSTEM32;C:\WINDOWS\WinSxS\amd64_microsoft.windows.common-controls_6595b64144ccf1df_6.0.22621.3235_none_270f74e173860f98;E:\JAVA\IntelliJ IDEA\jbr\bin\server

VM Arguments:
java_command: org.jetbrains.git4idea.http.GitAskPassApp Username for 'https://github.com': 
java_class_path (initial): E:/JAVA/IntelliJ IDEA/plugins/git4idea/lib/git4idea-rt.jar;E:/JAVA/IntelliJ IDEA/lib/xmlrpc-2.0.1.jar;E:/JAVA/IntelliJ IDEA/lib/commons-codec-1.13.jar;E:/JAVA/IntelliJ IDEA/lib/util.jar
Launcher Type: SUN_STANDARD

[Global flags]
     intx CICompilerCount                          = 12                                        {product} {ergonomic}
     uint ConcGCThreads                            = 4                                         {product} {ergonomic}
     uint G1ConcRefinementThreads                  = 15                                        {product} {ergonomic}
   size_t G1HeapRegionSize                         = 1048576                                   {product} {ergonomic}
    uintx GCDrainStackTargetSize                   = 64                                        {product} {ergonomic}
   size_t InitialHeapSize                          = 264241152                                 {product} {ergonomic}
   size_t MarkStackSize                            = 4194304                                   {product} {ergonomic}
   size_t MaxHeapSize                              = 4213178368                                {product} {ergonomic}
   size_t MinHeapDeltaBytes                        = 1048576                                   {product} {ergonomic}
    uintx NonNMethodCodeHeapSize                   = 7591728                                {pd product} {ergonomic}
    uintx NonProfiledCodeHeapSize                  = 122033256                              {pd product} {ergonomic}
    uintx ProfiledCodeHeapSize                     = 122033256                              {pd product} {ergonomic}
    uintx ReservedCodeCacheSize                    = 251658240                              {pd product} {ergonomic}
     bool SegmentedCodeCache                       = true                                      {product} {ergonomic}
     bool UseCompressedClassPointers               = true                                 {lp64_product} {ergonomic}
     bool UseCompressedOops                        = true                                 {lp64_product} {ergonomic}
     bool UseG1GC                                  = true                                      {product} {ergonomic}
     bool UseLargePagesIndividualAllocation        = false                                  {pd product} {ergonomic}

Logging:
Log output configuration:
 #0: stdout all=warning uptime,level,tags
 #1: stderr all=off uptime,level,tags

Environment Variables:
JAVA_HOME=E:\JAVA\jdk1.8.0_102
PATH=E:\JAVA\git_for_win\Git\mingw64\libexec\git-core;E:\JAVA\git_for_win\Git\mingw64\libexec\git-core;E:\JAVA\git_for_win\Git\mingw64\bin;E:\JAVA\git_for_win\Git\usr\bin;C:\Users\User1\bin;E:\JAVA\jdk1.8.0_102\bin;C:\ProgramData\Oracle\Java\javapath;C:\Windows\system32;C:\Windows;C:\Windows\System32\Wbem;C:\Windows\System32\WindowsPowerShell\v1.0;C:\Windows\System32\OpenSSH;C:\Program Files (x86)\NVIDIA Corporation\PhysX\Common;C:\Program Files\NVIDIA Corporation\NVIDIA NvDLISR;C:\Program Files\dotnet;F:\Bandzip\bandzip_install;F:\calibre\calibre_install;C:\WINDOWS\system32;C:\WINDOWS;C:\WINDOWS\System32\Wbem;C:\WINDOWS\System32\WindowsPowerShell\v1.0;C:\WINDOWS\System32\OpenSSH;E:\JAVA\apache-maven-3.6.1\bin;E:\JAVA\git_for_win\Git\cmd;E:\JAVA\gradle-5.6.4\bin;E:\JAVA\AndroidSdk\tools;E:\JAVA\AndroidSdk\platform-tools;E:\JAVA\apache-tomcat-9.0.78\bin;E:\JAVA\mysql-8.0.16-winx64\bin;E:\JAVA\Redis-x64-3.2.100\startUp;C:\Users\User1\AppData\Local\Microsoft\WindowsApps;E:\JAVA\IDEA\IDEA_install\bin;F:\VSCode\bin
USERNAME=User1
DISPLAY=:0.0
OS=Windows_NT
PROCESSOR_IDENTIFIER=Intel64 Family 6 Model 154 Stepping 3, GenuineIntel



---------------  S Y S T E M  ---------------

OS: Windows 10 , 64 bit Build 22621 (10.0.22621.3374)

CPU:total 20 (initial active 20) (10 cores per cpu, 2 threads per core) family 6 model 154 stepping 3, cmov, cx8, fxsr, mmx, sse, sse2, sse3, ssse3, sse4.1, sse4.2, popcnt, avx, avx2, aes, clmul, erms, 3dnowpref, lzcnt, ht, tsc, tscinvbit, bmi1, bmi2, adx, sha, fma

Memory: 4k page, system-wide physical 16068M (1016M free)
TotalPageFile size 28107M (AvailPageFile size 185M)
current process WorkingSet (physical memory assigned to process): 11M, peak: 11M
current process commit charge ("private bytes"): 75M, peak: 327M

vm_info: OpenJDK 64-Bit Server VM (11.0.4+10-b304.77) for windows-amd64 JRE (11.0.4+10-b304.77), built on Oct 10 2019 15:02:36 by "" with MS VC++ 14.0 (VS2015)

END.
