2024-04-27 10:43:22,224 WARN [main] c.z.h.HikariConfig [HikariConfig.java:1008] {} - idleTimeout has been set but has no effect because the pool is operating as a fixed size pool.
2024-04-27 10:47:25,225 WARN [main] c.z.h.HikariConfig [HikariConfig.java:1008] {} - idleTimeout has been set but has no effect because the pool is operating as a fixed size pool.
2024-04-27 10:50:55,597 WARN [main] c.z.h.HikariConfig [HikariConfig.java:1008] {} - idleTimeout has been set but has no effect because the pool is operating as a fixed size pool.
2024-04-27 10:53:26,781 WARN [main] c.z.h.HikariConfig [HikariConfig.java:1008] {} - idleTimeout has been set but has no effect because the pool is operating as a fixed size pool.
2024-04-27 13:58:44,457 WARN [http-nio-8080-exec-1] c.z.h.HikariConfig [HikariConfig.java:1008] {} - idleTimeout has been set but has no effect because the pool is operating as a fixed size pool.
2024-04-27 13:59:29,885 WARN [http-nio-8080-exec-1] c.z.h.HikariConfig [HikariConfig.java:1008] {} - idleTimeout has been set but has no effect because the pool is operating as a fixed size pool.
2024-04-27 14:05:06,671 WARN [http-nio-8080-exec-1] c.z.h.HikariConfig [HikariConfig.java:1008] {} - idleTimeout has been set but has no effect because the pool is operating as a fixed size pool.
2024-04-27 14:25:08,756 WARN [http-nio-8080-exec-7] o.s.w.s.m.m.a.ExceptionHandlerExceptionResolver [AbstractHandlerExceptionResolver.java:198] Resolved [org.springframework.web.method.annotation.MethodArgumentTypeMismatchException: Failed to convert value of type 'java.lang.String' to required type 'int'; nested exception is java.lang.NumberFormatException: For input string: "my-post.html"]
2024-04-27 14:44:13,978 WARN [http-nio-8080-exec-1] c.z.h.HikariConfig [HikariConfig.java:1008] {} - idleTimeout has been set but has no effect because the pool is operating as a fixed size pool.
2024-04-27 14:52:17,889 WARN [http-nio-8080-exec-4] o.s.w.s.m.m.a.ExceptionHandlerExceptionResolver [AbstractHandlerExceptionResolver.java:198] Resolved [org.springframework.web.method.annotation.MethodArgumentTypeMismatchException: Failed to convert value of type 'java.lang.String' to required type 'int'; nested exception is java.lang.NumberFormatException: For input string: "my-reply.html"]
2024-04-27 14:52:21,948 WARN [http-nio-8080-exec-10] o.s.w.s.m.m.a.ExceptionHandlerExceptionResolver [AbstractHandlerExceptionResolver.java:198] Resolved [org.springframework.web.method.annotation.MethodArgumentTypeMismatchException: Failed to convert value of type 'java.lang.String' to required type 'int'; nested exception is java.lang.NumberFormatException: For input string: "my-post.html"]
2024-04-27 14:58:29,549 WARN [http-nio-8080-exec-1] c.z.h.HikariConfig [HikariConfig.java:1008] {} - idleTimeout has been set but has no effect because the pool is operating as a fixed size pool.
2024-04-27 15:01:52,469 WARN [http-nio-8080-exec-1] c.z.h.HikariConfig [HikariConfig.java:1008] {} - idleTimeout has been set but has no effect because the pool is operating as a fixed size pool.
2024-04-27 15:07:38,732 WARN [http-nio-8080-exec-3] o.s.w.s.m.m.a.ExceptionHandlerExceptionResolver [AbstractHandlerExceptionResolver.java:198] Resolved [java.lang.NullPointerException]
2024-04-27 15:07:41,617 WARN [http-nio-8080-exec-7] o.s.w.s.m.m.a.ExceptionHandlerExceptionResolver [AbstractHandlerExceptionResolver.java:198] Resolved [java.lang.NullPointerException]
2024-04-27 15:16:57,186 WARN [org.springframework.kafka.KafkaListenerEndpointContainer#1-0-C-1] o.a.k.c.NetworkClient [NetworkClient.java:671] [Consumer clientId=consumer-4, groupId=community-consumer-group] Connection to node 0 could not be established. Broker may not be available.
2024-04-27 15:16:57,186 WARN [org.springframework.kafka.KafkaListenerEndpointContainer#0-0-C-1] o.a.k.c.NetworkClient [NetworkClient.java:671] [Consumer clientId=consumer-2, groupId=community-consumer-group] Connection to node 0 could not be established. Broker may not be available.
2024-04-27 15:16:59,337 WARN [org.springframework.kafka.KafkaListenerEndpointContainer#1-0-C-1] o.a.k.c.NetworkClient [NetworkClient.java:671] [Consumer clientId=consumer-4, groupId=community-consumer-group] Connection to node 0 could not be established. Broker may not be available.
2024-04-27 15:16:59,337 WARN [org.springframework.kafka.KafkaListenerEndpointContainer#0-0-C-1] o.a.k.c.NetworkClient [NetworkClient.java:671] [Consumer clientId=consumer-2, groupId=community-consumer-group] Connection to node 0 could not be established. Broker may not be available.
2024-04-27 15:17:01,586 WARN [org.springframework.kafka.KafkaListenerEndpointContainer#1-0-C-1] o.a.k.c.NetworkClient [NetworkClient.java:671] [Consumer clientId=consumer-4, groupId=community-consumer-group] Connection to node 0 could not be established. Broker may not be available.
2024-04-27 15:17:01,633 WARN [org.springframework.kafka.KafkaListenerEndpointContainer#0-0-C-1] o.a.k.c.NetworkClient [NetworkClient.java:671] [Consumer clientId=consumer-2, groupId=community-consumer-group] Connection to node 0 could not be established. Broker may not be available.
2024-04-27 15:17:03,977 WARN [org.springframework.kafka.KafkaListenerEndpointContainer#1-0-C-1] o.a.k.c.NetworkClient [NetworkClient.java:671] [Consumer clientId=consumer-4, groupId=community-consumer-group] Connection to node 0 could not be established. Broker may not be available.
2024-04-27 15:17:04,023 WARN [org.springframework.kafka.KafkaListenerEndpointContainer#0-0-C-1] o.a.k.c.NetworkClient [NetworkClient.java:671] [Consumer clientId=consumer-2, groupId=community-consumer-group] Connection to node 0 could not be established. Broker may not be available.
2024-04-27 15:17:06,691 WARN [org.springframework.kafka.KafkaListenerEndpointContainer#1-0-C-1] o.a.k.c.NetworkClient [NetworkClient.java:671] [Consumer clientId=consumer-4, groupId=community-consumer-group] Connection to node 0 could not be established. Broker may not be available.
2024-04-27 15:17:07,004 WARN [org.springframework.kafka.KafkaListenerEndpointContainer#0-0-C-1] o.a.k.c.NetworkClient [NetworkClient.java:671] [Consumer clientId=consumer-2, groupId=community-consumer-group] Connection to node 0 could not be established. Broker may not be available.
2024-04-27 15:17:09,604 WARN [org.springframework.kafka.KafkaListenerEndpointContainer#1-0-C-1] o.a.k.c.NetworkClient [NetworkClient.java:671] [Consumer clientId=consumer-4, groupId=community-consumer-group] Connection to node 0 could not be established. Broker may not be available.
2024-04-27 15:17:10,139 WARN [org.springframework.kafka.KafkaListenerEndpointContainer#0-0-C-1] o.a.k.c.NetworkClient [NetworkClient.java:671] [Consumer clientId=consumer-2, groupId=community-consumer-group] Connection to node 0 could not be established. Broker may not be available.
2024-04-27 15:17:12,821 WARN [org.springframework.kafka.KafkaListenerEndpointContainer#1-0-C-1] o.a.k.c.NetworkClient [NetworkClient.java:671] [Consumer clientId=consumer-4, groupId=community-consumer-group] Connection to node 0 could not be established. Broker may not be available.
2024-04-27 15:17:13,182 WARN [org.springframework.kafka.KafkaListenerEndpointContainer#0-0-C-1] o.a.k.c.NetworkClient [NetworkClient.java:671] [Consumer clientId=consumer-2, groupId=community-consumer-group] Connection to node 0 could not be established. Broker may not be available.
2024-04-27 15:17:16,034 WARN [org.springframework.kafka.KafkaListenerEndpointContainer#1-0-C-1] o.a.k.c.NetworkClient [NetworkClient.java:671] [Consumer clientId=consumer-4, groupId=community-consumer-group] Connection to node 0 could not be established. Broker may not be available.
2024-04-27 15:17:16,081 WARN [org.springframework.kafka.KafkaListenerEndpointContainer#0-0-C-1] o.a.k.c.NetworkClient [NetworkClient.java:671] [Consumer clientId=consumer-2, groupId=community-consumer-group] Connection to node 0 could not be established. Broker may not be available.
2024-04-27 15:17:19,186 WARN [org.springframework.kafka.KafkaListenerEndpointContainer#1-0-C-1] o.a.k.c.NetworkClient [NetworkClient.java:671] [Consumer clientId=consumer-4, groupId=community-consumer-group] Connection to node 0 could not be established. Broker may not be available.
2024-04-27 15:17:19,248 WARN [org.springframework.kafka.KafkaListenerEndpointContainer#0-0-C-1] o.a.k.c.NetworkClient [NetworkClient.java:671] [Consumer clientId=consumer-2, groupId=community-consumer-group] Connection to node 0 could not be established. Broker may not be available.
2024-04-27 15:17:22,048 WARN [org.springframework.kafka.KafkaListenerEndpointContainer#1-0-C-1] o.a.k.c.NetworkClient [NetworkClient.java:671] [Consumer clientId=consumer-4, groupId=community-consumer-group] Connection to node 0 could not be established. Broker may not be available.
2024-04-27 15:17:22,314 WARN [org.springframework.kafka.KafkaListenerEndpointContainer#0-0-C-1] o.a.k.c.NetworkClient [NetworkClient.java:671] [Consumer clientId=consumer-2, groupId=community-consumer-group] Connection to node 0 could not be established. Broker may not be available.
2024-04-27 15:17:25,027 WARN [org.springframework.kafka.KafkaListenerEndpointContainer#1-0-C-1] o.a.k.c.NetworkClient [NetworkClient.java:671] [Consumer clientId=consumer-4, groupId=community-consumer-group] Connection to node 0 could not be established. Broker may not be available.
2024-04-27 15:17:25,483 WARN [org.springframework.kafka.KafkaListenerEndpointContainer#0-0-C-1] o.a.k.c.NetworkClient [NetworkClient.java:671] [Consumer clientId=consumer-2, groupId=community-consumer-group] Connection to node 0 could not be established. Broker may not be available.
2024-04-27 15:17:27,966 WARN [org.springframework.kafka.KafkaListenerEndpointContainer#1-0-C-1] o.a.k.c.NetworkClient [NetworkClient.java:671] [Consumer clientId=consumer-4, groupId=community-consumer-group] Connection to node 0 could not be established. Broker may not be available.
2024-04-27 15:17:28,339 WARN [org.springframework.kafka.KafkaListenerEndpointContainer#0-0-C-1] o.a.k.c.NetworkClient [NetworkClient.java:671] [Consumer clientId=consumer-2, groupId=community-consumer-group] Connection to node 0 could not be established. Broker may not be available.
2024-04-27 15:17:31,070 WARN [org.springframework.kafka.KafkaListenerEndpointContainer#1-0-C-1] o.a.k.c.NetworkClient [NetworkClient.java:671] [Consumer clientId=consumer-4, groupId=community-consumer-group] Connection to node 0 could not be established. Broker may not be available.
2024-04-27 15:17:31,645 WARN [org.springframework.kafka.KafkaListenerEndpointContainer#0-0-C-1] o.a.k.c.NetworkClient [NetworkClient.java:671] [Consumer clientId=consumer-2, groupId=community-consumer-group] Connection to node 0 could not be established. Broker may not be available.
2024-04-27 15:17:34,194 WARN [org.springframework.kafka.KafkaListenerEndpointContainer#1-0-C-1] o.a.k.c.NetworkClient [NetworkClient.java:671] [Consumer clientId=consumer-4, groupId=community-consumer-group] Connection to node 0 could not be established. Broker may not be available.
2024-04-27 15:17:34,692 WARN [org.springframework.kafka.KafkaListenerEndpointContainer#0-0-C-1] o.a.k.c.NetworkClient [NetworkClient.java:671] [Consumer clientId=consumer-2, groupId=community-consumer-group] Connection to node 0 could not be established. Broker may not be available.
2024-04-27 15:17:37,367 WARN [org.springframework.kafka.KafkaListenerEndpointContainer#1-0-C-1] o.a.k.c.NetworkClient [NetworkClient.java:671] [Consumer clientId=consumer-4, groupId=community-consumer-group] Connection to node 0 could not be established. Broker may not be available.
2024-04-27 15:17:37,795 WARN [org.springframework.kafka.KafkaListenerEndpointContainer#0-0-C-1] o.a.k.c.NetworkClient [NetworkClient.java:671] [Consumer clientId=consumer-2, groupId=community-consumer-group] Connection to node 0 could not be established. Broker may not be available.
2024-04-27 15:17:40,484 WARN [org.springframework.kafka.KafkaListenerEndpointContainer#1-0-C-1] o.a.k.c.NetworkClient [NetworkClient.java:671] [Consumer clientId=consumer-4, groupId=community-consumer-group] Connection to node 0 could not be established. Broker may not be available.
2024-04-27 15:17:41,031 WARN [org.springframework.kafka.KafkaListenerEndpointContainer#0-0-C-1] o.a.k.c.NetworkClient [NetworkClient.java:671] [Consumer clientId=consumer-2, groupId=community-consumer-group] Connection to node 0 could not be established. Broker may not be available.
2024-04-27 15:17:43,425 WARN [org.springframework.kafka.KafkaListenerEndpointContainer#1-0-C-1] o.a.k.c.NetworkClient [NetworkClient.java:671] [Consumer clientId=consumer-4, groupId=community-consumer-group] Connection to node 0 could not be established. Broker may not be available.
2024-04-27 15:17:44,094 WARN [org.springframework.kafka.KafkaListenerEndpointContainer#0-0-C-1] o.a.k.c.NetworkClient [NetworkClient.java:671] [Consumer clientId=consumer-2, groupId=community-consumer-group] Connection to node 0 could not be established. Broker may not be available.
2024-04-27 15:17:46,667 WARN [org.springframework.kafka.KafkaListenerEndpointContainer#1-0-C-1] o.a.k.c.NetworkClient [NetworkClient.java:671] [Consumer clientId=consumer-4, groupId=community-consumer-group] Connection to node 0 could not be established. Broker may not be available.
2024-04-27 15:17:47,076 WARN [org.springframework.kafka.KafkaListenerEndpointContainer#0-0-C-1] o.a.k.c.NetworkClient [NetworkClient.java:671] [Consumer clientId=consumer-2, groupId=community-consumer-group] Connection to node 0 could not be established. Broker may not be available.
2024-04-27 15:17:49,778 WARN [org.springframework.kafka.KafkaListenerEndpointContainer#1-0-C-1] o.a.k.c.NetworkClient [NetworkClient.java:671] [Consumer clientId=consumer-4, groupId=community-consumer-group] Connection to node 0 could not be established. Broker may not be available.
2024-04-27 15:17:50,256 WARN [org.springframework.kafka.KafkaListenerEndpointContainer#0-0-C-1] o.a.k.c.NetworkClient [NetworkClient.java:671] [Consumer clientId=consumer-2, groupId=community-consumer-group] Connection to node 0 could not be established. Broker may not be available.
2024-04-27 15:17:52,744 WARN [org.springframework.kafka.KafkaListenerEndpointContainer#1-0-C-1] o.a.k.c.NetworkClient [NetworkClient.java:671] [Consumer clientId=consumer-4, groupId=community-consumer-group] Connection to node 0 could not be established. Broker may not be available.
2024-04-27 15:17:53,426 WARN [org.springframework.kafka.KafkaListenerEndpointContainer#0-0-C-1] o.a.k.c.NetworkClient [NetworkClient.java:671] [Consumer clientId=consumer-2, groupId=community-consumer-group] Connection to node 0 could not be established. Broker may not be available.
2024-04-27 15:17:55,712 WARN [org.springframework.kafka.KafkaListenerEndpointContainer#1-0-C-1] o.a.k.c.NetworkClient [NetworkClient.java:671] [Consumer clientId=consumer-4, groupId=community-consumer-group] Connection to node 0 could not be established. Broker may not be available.
2024-04-27 15:17:56,598 WARN [org.springframework.kafka.KafkaListenerEndpointContainer#0-0-C-1] o.a.k.c.NetworkClient [NetworkClient.java:671] [Consumer clientId=consumer-2, groupId=community-consumer-group] Connection to node 0 could not be established. Broker may not be available.
2024-04-27 15:17:58,865 WARN [org.springframework.kafka.KafkaListenerEndpointContainer#1-0-C-1] o.a.k.c.NetworkClient [NetworkClient.java:671] [Consumer clientId=consumer-4, groupId=community-consumer-group] Connection to node 0 could not be established. Broker may not be available.
2024-04-27 15:17:59,489 WARN [org.springframework.kafka.KafkaListenerEndpointContainer#0-0-C-1] o.a.k.c.NetworkClient [NetworkClient.java:671] [Consumer clientId=consumer-2, groupId=community-consumer-group] Connection to node 0 could not be established. Broker may not be available.
2024-04-27 15:18:01,872 WARN [org.springframework.kafka.KafkaListenerEndpointContainer#1-0-C-1] o.a.k.c.NetworkClient [NetworkClient.java:671] [Consumer clientId=consumer-4, groupId=community-consumer-group] Connection to node 0 could not be established. Broker may not be available.
2024-04-27 15:18:02,510 WARN [org.springframework.kafka.KafkaListenerEndpointContainer#0-0-C-1] o.a.k.c.NetworkClient [NetworkClient.java:671] [Consumer clientId=consumer-2, groupId=community-consumer-group] Connection to node 0 could not be established. Broker may not be available.
2024-04-27 15:18:04,994 WARN [org.springframework.kafka.KafkaListenerEndpointContainer#1-0-C-1] o.a.k.c.NetworkClient [NetworkClient.java:671] [Consumer clientId=consumer-4, groupId=community-consumer-group] Connection to node 0 could not be established. Broker may not be available.
2024-04-27 15:18:05,550 WARN [org.springframework.kafka.KafkaListenerEndpointContainer#0-0-C-1] o.a.k.c.NetworkClient [NetworkClient.java:671] [Consumer clientId=consumer-2, groupId=community-consumer-group] Connection to node 0 could not be established. Broker may not be available.
2024-04-27 15:18:07,954 WARN [org.springframework.kafka.KafkaListenerEndpointContainer#1-0-C-1] o.a.k.c.NetworkClient [NetworkClient.java:671] [Consumer clientId=consumer-4, groupId=community-consumer-group] Connection to node 0 could not be established. Broker may not be available.
2024-04-27 15:18:08,869 WARN [org.springframework.kafka.KafkaListenerEndpointContainer#0-0-C-1] o.a.k.c.NetworkClient [NetworkClient.java:671] [Consumer clientId=consumer-2, groupId=community-consumer-group] Connection to node 0 could not be established. Broker may not be available.
2024-04-27 15:29:06,344 WARN [http-nio-8080-exec-1] c.z.h.HikariConfig [HikariConfig.java:1008] {} - idleTimeout has been set but has no effect because the pool is operating as a fixed size pool.
2024-04-27 15:38:31,887 WARN [http-nio-8080-exec-2] c.z.h.HikariConfig [HikariConfig.java:1008] {} - idleTimeout has been set but has no effect because the pool is operating as a fixed size pool.
2024-04-27 15:49:46,094 WARN [http-nio-8080-exec-1] c.z.h.HikariConfig [HikariConfig.java:1008] {} - idleTimeout has been set but has no effect because the pool is operating as a fixed size pool.
2024-04-27 15:53:36,094 WARN [http-nio-8080-exec-1] c.z.h.HikariConfig [HikariConfig.java:1008] {} - idleTimeout has been set but has no effect because the pool is operating as a fixed size pool.
2024-04-27 16:02:57,770 WARN [http-nio-8080-exec-1] c.z.h.HikariConfig [HikariConfig.java:1008] {} - idleTimeout has been set but has no effect because the pool is operating as a fixed size pool.
2024-04-27 16:11:23,058 WARN [http-nio-8080-exec-1] c.z.h.HikariConfig [HikariConfig.java:1008] {} - idleTimeout has been set but has no effect because the pool is operating as a fixed size pool.
