[2024-04-29T08:01:59,319][INFO ][o.e.n.Node               ] [] initializing ...
[2024-04-29T08:01:59,360][INFO ][o.e.e.NodeEnvironment    ] [kJ8CedC] using [1] data paths, mounts [[SoftWare_1 (E:)]], net usable_space [85.7gb], net total_space [117.1gb], types [NTFS]
[2024-04-29T08:01:59,360][INFO ][o.e.e.NodeEnvironment    ] [kJ8CedC] heap size [989.8mb], compressed ordinary object pointers [true]
[2024-04-29T08:01:59,402][INFO ][o.e.n.Node               ] [kJ8CedC] node name derived from node ID [kJ8CedCJRw6M7Eq8eD1H5A]; set [node.name] to override
[2024-04-29T08:01:59,402][INFO ][o.e.n.Node               ] [kJ8CedC] version[6.4.3], pid[22420], build[default/zip/fe40335/2018-10-30T23:17:19.084789Z], OS[Windows 10/10.0/amd64], JVM[Oracle Corporation/Java HotSpot(TM) 64-Bit Server VM/1.8.0_102/25.102-b14]
[2024-04-29T08:01:59,403][INFO ][o.e.n.Node               ] [kJ8CedC] JVM arguments [-Xms1g, -Xmx1g, -XX:+UseConcMarkSweepGC, -XX:CMSInitiatingOccupancyFraction=75, -XX:+UseCMSInitiatingOccupancyOnly, -XX:+AlwaysPreTouch, -Xss1m, -Djava.awt.headless=true, -Dfile.encoding=UTF-8, -Djna.nosys=true, -XX:-OmitStackTraceInFastThrow, -Dio.netty.noUnsafe=true, -Dio.netty.noKeySetOptimization=true, -Dio.netty.recycler.maxCapacityPerThread=0, -Dlog4j.shutdownHookEnabled=false, -Dlog4j2.disable.jmx=true, -Djava.io.tmpdir=C:\Users\User1\AppData\Local\Temp\elasticsearch, -XX:+HeapDumpOnOutOfMemoryError, -XX:HeapDumpPath=data, -XX:ErrorFile=logs/hs_err_pid%p.log, -XX:+PrintGCDetails, -XX:+PrintGCDateStamps, -XX:+PrintTenuringDistribution, -XX:+PrintGCApplicationStoppedTime, -Xloggc:logs/gc.log, -XX:+UseGCLogFileRotation, -XX:NumberOfGCLogFiles=32, -XX:GCLogFileSize=64m, -Delasticsearch, -Des.path.home=E:\JAVA\elasticsearch-6.4.3\startUp\elasticsearch-6.4.3, -Des.path.conf=E:\JAVA\elasticsearch-6.4.3\startUp\elasticsearch-6.4.3\config, -Des.distribution.flavor=default, -Des.distribution.type=zip]
[2024-04-29T08:02:12,427][INFO ][o.e.p.PluginsService     ] [kJ8CedC] loaded module [aggs-matrix-stats]
[2024-04-29T08:02:12,428][INFO ][o.e.p.PluginsService     ] [kJ8CedC] loaded module [analysis-common]
[2024-04-29T08:02:12,428][INFO ][o.e.p.PluginsService     ] [kJ8CedC] loaded module [ingest-common]
[2024-04-29T08:02:12,428][INFO ][o.e.p.PluginsService     ] [kJ8CedC] loaded module [lang-expression]
[2024-04-29T08:02:12,428][INFO ][o.e.p.PluginsService     ] [kJ8CedC] loaded module [lang-mustache]
[2024-04-29T08:02:12,428][INFO ][o.e.p.PluginsService     ] [kJ8CedC] loaded module [lang-painless]
[2024-04-29T08:02:12,429][INFO ][o.e.p.PluginsService     ] [kJ8CedC] loaded module [mapper-extras]
[2024-04-29T08:02:12,429][INFO ][o.e.p.PluginsService     ] [kJ8CedC] loaded module [parent-join]
[2024-04-29T08:02:12,429][INFO ][o.e.p.PluginsService     ] [kJ8CedC] loaded module [percolator]
[2024-04-29T08:02:12,429][INFO ][o.e.p.PluginsService     ] [kJ8CedC] loaded module [rank-eval]
[2024-04-29T08:02:12,429][INFO ][o.e.p.PluginsService     ] [kJ8CedC] loaded module [reindex]
[2024-04-29T08:02:12,430][INFO ][o.e.p.PluginsService     ] [kJ8CedC] loaded module [repository-url]
[2024-04-29T08:02:12,430][INFO ][o.e.p.PluginsService     ] [kJ8CedC] loaded module [transport-netty4]
[2024-04-29T08:02:12,430][INFO ][o.e.p.PluginsService     ] [kJ8CedC] loaded module [tribe]
[2024-04-29T08:02:12,430][INFO ][o.e.p.PluginsService     ] [kJ8CedC] loaded module [x-pack-core]
[2024-04-29T08:02:12,430][INFO ][o.e.p.PluginsService     ] [kJ8CedC] loaded module [x-pack-deprecation]
[2024-04-29T08:02:12,430][INFO ][o.e.p.PluginsService     ] [kJ8CedC] loaded module [x-pack-graph]
[2024-04-29T08:02:12,430][INFO ][o.e.p.PluginsService     ] [kJ8CedC] loaded module [x-pack-logstash]
[2024-04-29T08:02:12,431][INFO ][o.e.p.PluginsService     ] [kJ8CedC] loaded module [x-pack-ml]
[2024-04-29T08:02:12,431][INFO ][o.e.p.PluginsService     ] [kJ8CedC] loaded module [x-pack-monitoring]
[2024-04-29T08:02:12,431][INFO ][o.e.p.PluginsService     ] [kJ8CedC] loaded module [x-pack-rollup]
[2024-04-29T08:02:12,431][INFO ][o.e.p.PluginsService     ] [kJ8CedC] loaded module [x-pack-security]
[2024-04-29T08:02:12,431][INFO ][o.e.p.PluginsService     ] [kJ8CedC] loaded module [x-pack-sql]
[2024-04-29T08:02:12,431][INFO ][o.e.p.PluginsService     ] [kJ8CedC] loaded module [x-pack-upgrade]
[2024-04-29T08:02:12,431][INFO ][o.e.p.PluginsService     ] [kJ8CedC] loaded module [x-pack-watcher]
[2024-04-29T08:02:12,432][INFO ][o.e.p.PluginsService     ] [kJ8CedC] loaded plugin [analysis-ik]
[2024-04-29T08:02:16,059][INFO ][o.e.x.s.a.s.FileRolesStore] [kJ8CedC] parsed [0] roles from file [E:\JAVA\elasticsearch-6.4.3\startUp\elasticsearch-6.4.3\config\roles.yml]
[2024-04-29T08:02:16,480][INFO ][o.e.x.m.j.p.l.CppLogMessageHandler] [controller/11444] [Main.cc@109] controller (64 bit): Version 6.4.3 (Build 7a0781676dd492) Copyright (c) 2018 Elasticsearch BV
[2024-04-29T08:02:16,677][DEBUG][o.e.a.ActionModule       ] Using REST wrapper from plugin org.elasticsearch.xpack.security.Security
[2024-04-29T08:02:16,795][INFO ][o.e.d.DiscoveryModule    ] [kJ8CedC] using discovery type [zen]
[2024-04-29T08:02:17,167][INFO ][o.e.n.Node               ] [kJ8CedC] initialized
[2024-04-29T08:02:17,168][INFO ][o.e.n.Node               ] [kJ8CedC] starting ...
[2024-04-29T08:02:22,877][INFO ][o.e.t.TransportService   ] [kJ8CedC] publish_address {127.0.0.1:9300}, bound_addresses {127.0.0.1:9300}, {[::1]:9300}
[2024-04-29T08:02:25,938][INFO ][o.e.c.s.MasterService    ] [kJ8CedC] zen-disco-elected-as-master ([0] nodes joined)[, ], reason: new_master {kJ8CedC}{kJ8CedCJRw6M7Eq8eD1H5A}{8VZVtbAcQa2XiKRg17xhxA}{127.0.0.1}{127.0.0.1:9300}{ml.machine_memory=16849293312, xpack.installed=true, ml.max_open_jobs=20, ml.enabled=true}
[2024-04-29T08:02:25,942][INFO ][o.e.c.s.ClusterApplierService] [kJ8CedC] new_master {kJ8CedC}{kJ8CedCJRw6M7Eq8eD1H5A}{8VZVtbAcQa2XiKRg17xhxA}{127.0.0.1}{127.0.0.1:9300}{ml.machine_memory=16849293312, xpack.installed=true, ml.max_open_jobs=20, ml.enabled=true}, reason: apply cluster state (from master [master {kJ8CedC}{kJ8CedCJRw6M7Eq8eD1H5A}{8VZVtbAcQa2XiKRg17xhxA}{127.0.0.1}{127.0.0.1:9300}{ml.machine_memory=16849293312, xpack.installed=true, ml.max_open_jobs=20, ml.enabled=true} committed version [1] source [zen-disco-elected-as-master ([0] nodes joined)[, ]]])
[2024-04-29T08:02:25,984][INFO ][o.w.a.d.Monitor          ] try load config from E:\JAVA\elasticsearch-6.4.3\startUp\elasticsearch-6.4.3\config\analysis-ik\IKAnalyzer.cfg.xml
[2024-04-29T08:02:25,985][INFO ][o.w.a.d.Monitor          ] try load config from E:\JAVA\elasticsearch-6.4.3\startUp\elasticsearch-6.4.3\plugins\ik\config\IKAnalyzer.cfg.xml
[2024-04-29T08:02:26,352][WARN ][o.e.x.s.a.s.m.NativeRoleMappingStore] [kJ8CedC] Failed to clear cache for realms [[]]
[2024-04-29T08:02:26,388][INFO ][o.e.l.LicenseService     ] [kJ8CedC] license [0888af7a-8575-41d9-b109-cb8170856be7] mode [basic] - valid
[2024-04-29T08:02:26,398][INFO ][o.e.g.GatewayService     ] [kJ8CedC] recovered [2] indices into cluster_state
[2024-04-29T08:02:26,781][INFO ][o.e.c.r.a.AllocationService] [kJ8CedC] Cluster health status changed from [RED] to [YELLOW] (reason: [shards started [[test][3], [test][2]] ...]).
[2024-04-29T08:02:29,954][INFO ][o.e.x.s.t.n.SecurityNetty4HttpServerTransport] [kJ8CedC] publish_address {127.0.0.1:9200}, bound_addresses {127.0.0.1:9200}, {[::1]:9200}
[2024-04-29T08:02:29,955][INFO ][o.e.n.Node               ] [kJ8CedC] started
[2024-04-29T14:15:09,646][INFO ][o.e.n.Node               ] [kJ8CedC] stopping ...
[2024-04-29T14:15:09,744][INFO ][o.e.x.w.WatcherService   ] [kJ8CedC] stopping watch service, reason [shutdown initiated]
[2024-04-29T14:15:09,933][INFO ][o.e.x.m.j.p.l.CppLogMessageHandler] [controller/11444] [Main.cc@148] Ml controller exiting
[2024-04-29T14:15:09,935][INFO ][o.e.x.m.j.p.NativeController] Native controller process has stopped - no new native processes can be started
[2024-04-29T14:15:10,043][INFO ][o.e.n.Node               ] [kJ8CedC] stopped
[2024-04-29T14:15:10,044][INFO ][o.e.n.Node               ] [kJ8CedC] closing ...
[2024-04-29T14:15:10,071][INFO ][o.e.n.Node               ] [kJ8CedC] closed
[2024-04-29T17:31:46,774][INFO ][o.e.n.Node               ] [] initializing ...
[2024-04-29T17:31:46,832][INFO ][o.e.e.NodeEnvironment    ] [kJ8CedC] using [1] data paths, mounts [[SoftWare_1 (E:)]], net usable_space [85.1gb], net total_space [117.1gb], types [NTFS]
[2024-04-29T17:31:46,832][INFO ][o.e.e.NodeEnvironment    ] [kJ8CedC] heap size [989.8mb], compressed ordinary object pointers [true]
[2024-04-29T17:31:46,909][INFO ][o.e.n.Node               ] [kJ8CedC] node name derived from node ID [kJ8CedCJRw6M7Eq8eD1H5A]; set [node.name] to override
[2024-04-29T17:31:46,910][INFO ][o.e.n.Node               ] [kJ8CedC] version[6.4.3], pid[2860], build[default/zip/fe40335/2018-10-30T23:17:19.084789Z], OS[Windows 10/10.0/amd64], JVM[Oracle Corporation/Java HotSpot(TM) 64-Bit Server VM/1.8.0_102/25.102-b14]
[2024-04-29T17:31:46,910][INFO ][o.e.n.Node               ] [kJ8CedC] JVM arguments [-Xms1g, -Xmx1g, -XX:+UseConcMarkSweepGC, -XX:CMSInitiatingOccupancyFraction=75, -XX:+UseCMSInitiatingOccupancyOnly, -XX:+AlwaysPreTouch, -Xss1m, -Djava.awt.headless=true, -Dfile.encoding=UTF-8, -Djna.nosys=true, -XX:-OmitStackTraceInFastThrow, -Dio.netty.noUnsafe=true, -Dio.netty.noKeySetOptimization=true, -Dio.netty.recycler.maxCapacityPerThread=0, -Dlog4j.shutdownHookEnabled=false, -Dlog4j2.disable.jmx=true, -Djava.io.tmpdir=C:\Users\User1\AppData\Local\Temp\elasticsearch, -XX:+HeapDumpOnOutOfMemoryError, -XX:HeapDumpPath=data, -XX:ErrorFile=logs/hs_err_pid%p.log, -XX:+PrintGCDetails, -XX:+PrintGCDateStamps, -XX:+PrintTenuringDistribution, -XX:+PrintGCApplicationStoppedTime, -Xloggc:logs/gc.log, -XX:+UseGCLogFileRotation, -XX:NumberOfGCLogFiles=32, -XX:GCLogFileSize=64m, -Delasticsearch, -Des.path.home=E:\JAVA\elasticsearch-6.4.3\startUp\elasticsearch-6.4.3, -Des.path.conf=E:\JAVA\elasticsearch-6.4.3\startUp\elasticsearch-6.4.3\config, -Des.distribution.flavor=default, -Des.distribution.type=zip]
[2024-04-29T17:32:01,095][INFO ][o.e.p.PluginsService     ] [kJ8CedC] loaded module [aggs-matrix-stats]
[2024-04-29T17:32:01,096][INFO ][o.e.p.PluginsService     ] [kJ8CedC] loaded module [analysis-common]
[2024-04-29T17:32:01,096][INFO ][o.e.p.PluginsService     ] [kJ8CedC] loaded module [ingest-common]
[2024-04-29T17:32:01,096][INFO ][o.e.p.PluginsService     ] [kJ8CedC] loaded module [lang-expression]
[2024-04-29T17:32:01,096][INFO ][o.e.p.PluginsService     ] [kJ8CedC] loaded module [lang-mustache]
[2024-04-29T17:32:01,097][INFO ][o.e.p.PluginsService     ] [kJ8CedC] loaded module [lang-painless]
[2024-04-29T17:32:01,097][INFO ][o.e.p.PluginsService     ] [kJ8CedC] loaded module [mapper-extras]
[2024-04-29T17:32:01,097][INFO ][o.e.p.PluginsService     ] [kJ8CedC] loaded module [parent-join]
[2024-04-29T17:32:01,098][INFO ][o.e.p.PluginsService     ] [kJ8CedC] loaded module [percolator]
[2024-04-29T17:32:01,098][INFO ][o.e.p.PluginsService     ] [kJ8CedC] loaded module [rank-eval]
[2024-04-29T17:32:01,098][INFO ][o.e.p.PluginsService     ] [kJ8CedC] loaded module [reindex]
[2024-04-29T17:32:01,098][INFO ][o.e.p.PluginsService     ] [kJ8CedC] loaded module [repository-url]
[2024-04-29T17:32:01,098][INFO ][o.e.p.PluginsService     ] [kJ8CedC] loaded module [transport-netty4]
[2024-04-29T17:32:01,099][INFO ][o.e.p.PluginsService     ] [kJ8CedC] loaded module [tribe]
[2024-04-29T17:32:01,099][INFO ][o.e.p.PluginsService     ] [kJ8CedC] loaded module [x-pack-core]
[2024-04-29T17:32:01,099][INFO ][o.e.p.PluginsService     ] [kJ8CedC] loaded module [x-pack-deprecation]
[2024-04-29T17:32:01,099][INFO ][o.e.p.PluginsService     ] [kJ8CedC] loaded module [x-pack-graph]
[2024-04-29T17:32:01,099][INFO ][o.e.p.PluginsService     ] [kJ8CedC] loaded module [x-pack-logstash]
[2024-04-29T17:32:01,100][INFO ][o.e.p.PluginsService     ] [kJ8CedC] loaded module [x-pack-ml]
[2024-04-29T17:32:01,100][INFO ][o.e.p.PluginsService     ] [kJ8CedC] loaded module [x-pack-monitoring]
[2024-04-29T17:32:01,100][INFO ][o.e.p.PluginsService     ] [kJ8CedC] loaded module [x-pack-rollup]
[2024-04-29T17:32:01,100][INFO ][o.e.p.PluginsService     ] [kJ8CedC] loaded module [x-pack-security]
[2024-04-29T17:32:01,100][INFO ][o.e.p.PluginsService     ] [kJ8CedC] loaded module [x-pack-sql]
[2024-04-29T17:32:01,101][INFO ][o.e.p.PluginsService     ] [kJ8CedC] loaded module [x-pack-upgrade]
[2024-04-29T17:32:01,101][INFO ][o.e.p.PluginsService     ] [kJ8CedC] loaded module [x-pack-watcher]
[2024-04-29T17:32:01,101][INFO ][o.e.p.PluginsService     ] [kJ8CedC] loaded plugin [analysis-ik]
[2024-04-29T17:32:14,293][INFO ][o.e.x.s.a.s.FileRolesStore] [kJ8CedC] parsed [0] roles from file [E:\JAVA\elasticsearch-6.4.3\startUp\elasticsearch-6.4.3\config\roles.yml]
[2024-04-29T17:32:14,827][INFO ][o.e.x.m.j.p.l.CppLogMessageHandler] [controller/10632] [Main.cc@109] controller (64 bit): Version 6.4.3 (Build 7a0781676dd492) Copyright (c) 2018 Elasticsearch BV
[2024-04-29T17:32:15,126][DEBUG][o.e.a.ActionModule       ] Using REST wrapper from plugin org.elasticsearch.xpack.security.Security
[2024-04-29T17:32:15,306][INFO ][o.e.d.DiscoveryModule    ] [kJ8CedC] using discovery type [zen]
[2024-04-29T17:32:15,848][INFO ][o.e.n.Node               ] [kJ8CedC] initialized
[2024-04-29T17:32:15,848][INFO ][o.e.n.Node               ] [kJ8CedC] starting ...
[2024-04-29T17:32:24,682][INFO ][o.e.t.TransportService   ] [kJ8CedC] publish_address {127.0.0.1:9300}, bound_addresses {127.0.0.1:9300}, {[::1]:9300}
[2024-04-29T17:32:27,774][INFO ][o.e.c.s.MasterService    ] [kJ8CedC] zen-disco-elected-as-master ([0] nodes joined)[, ], reason: new_master {kJ8CedC}{kJ8CedCJRw6M7Eq8eD1H5A}{7wpwEh-LQUqnvb62PvkPWA}{127.0.0.1}{127.0.0.1:9300}{ml.machine_memory=16849293312, xpack.installed=true, ml.max_open_jobs=20, ml.enabled=true}
[2024-04-29T17:32:27,776][INFO ][o.e.c.s.ClusterApplierService] [kJ8CedC] new_master {kJ8CedC}{kJ8CedCJRw6M7Eq8eD1H5A}{7wpwEh-LQUqnvb62PvkPWA}{127.0.0.1}{127.0.0.1:9300}{ml.machine_memory=16849293312, xpack.installed=true, ml.max_open_jobs=20, ml.enabled=true}, reason: apply cluster state (from master [master {kJ8CedC}{kJ8CedCJRw6M7Eq8eD1H5A}{7wpwEh-LQUqnvb62PvkPWA}{127.0.0.1}{127.0.0.1:9300}{ml.machine_memory=16849293312, xpack.installed=true, ml.max_open_jobs=20, ml.enabled=true} committed version [1] source [zen-disco-elected-as-master ([0] nodes joined)[, ]]])
[2024-04-29T17:32:27,835][INFO ][o.w.a.d.Monitor          ] try load config from E:\JAVA\elasticsearch-6.4.3\startUp\elasticsearch-6.4.3\config\analysis-ik\IKAnalyzer.cfg.xml
[2024-04-29T17:32:27,837][INFO ][o.w.a.d.Monitor          ] try load config from E:\JAVA\elasticsearch-6.4.3\startUp\elasticsearch-6.4.3\plugins\ik\config\IKAnalyzer.cfg.xml
[2024-04-29T17:32:28,264][WARN ][o.e.x.s.a.s.m.NativeRoleMappingStore] [kJ8CedC] Failed to clear cache for realms [[]]
[2024-04-29T17:32:28,306][INFO ][o.e.l.LicenseService     ] [kJ8CedC] license [0888af7a-8575-41d9-b109-cb8170856be7] mode [basic] - valid
[2024-04-29T17:32:28,319][INFO ][o.e.g.GatewayService     ] [kJ8CedC] recovered [2] indices into cluster_state
[2024-04-29T17:32:28,777][INFO ][o.e.c.r.a.AllocationService] [kJ8CedC] Cluster health status changed from [RED] to [YELLOW] (reason: [shards started [[test][2], [test][4]] ...]).
[2024-04-29T17:32:32,895][INFO ][o.e.x.s.t.n.SecurityNetty4HttpServerTransport] [kJ8CedC] publish_address {127.0.0.1:9200}, bound_addresses {127.0.0.1:9200}, {[::1]:9200}
[2024-04-29T17:32:32,895][INFO ][o.e.n.Node               ] [kJ8CedC] started
[2024-04-29T17:34:14,801][INFO ][o.e.n.Node               ] [kJ8CedC] stopping ...
[2024-04-29T17:34:14,861][INFO ][o.e.x.w.WatcherService   ] [kJ8CedC] stopping watch service, reason [shutdown initiated]
[2024-04-29T17:34:15,232][INFO ][o.e.x.m.j.p.l.CppLogMessageHandler] [controller/10632] [Main.cc@148] Ml controller exiting
[2024-04-29T17:34:15,234][INFO ][o.e.x.m.j.p.NativeController] Native controller process has stopped - no new native processes can be started
[2024-04-29T17:34:15,417][INFO ][o.e.n.Node               ] [kJ8CedC] stopped
[2024-04-29T17:34:15,418][INFO ][o.e.n.Node               ] [kJ8CedC] closing ...
[2024-04-29T17:34:15,436][INFO ][o.e.n.Node               ] [kJ8CedC] closed
