2024-04-11 19:59:04,247 INFO [restartedMain] c.n.c.CommunityApplication [StartupInfoLogger.java:50] Starting CommunityApplication on Windows with PID 22672 (E:\JAVA\work\community\target\classes started by User1 in E:\JAVA\work\community)
2024-04-11 19:59:04,256 INFO [restartedMain] c.n.c.CommunityApplication [SpringApplication.java:675] No active profile set, falling back to default profiles: default
2024-04-11 19:59:04,277 INFO [restartedMain] o.s.b.d.e.DevToolsPropertyDefaultsPostProcessor [DeferredLog.java:227] Devtools property defaults active! Set 'spring.devtools.add-properties' to 'false' to disable
2024-04-11 19:59:04,277 INFO [restartedMain] o.s.b.d.e.DevToolsPropertyDefaultsPostProcessor [DeferredLog.java:227] For additional web related logging consider setting the 'logging.level.web' property to 'DEBUG'
2024-04-11 19:59:05,060 INFO [restartedMain] o.s.b.w.e.t.TomcatWebServer [TomcatWebServer.java:90] Tomcat initialized with port(s): 8080 (http)
2024-04-11 19:59:05,069 INFO [restartedMain] o.a.c.h.Http11NioProtocol [DirectJDKLog.java:173] Initializing ProtocolHandler ["http-nio-8080"]
2024-04-11 19:59:05,074 INFO [restartedMain] o.a.c.c.StandardService [DirectJDKLog.java:173] Starting service [Tomcat]
2024-04-11 19:59:05,075 INFO [restartedMain] o.a.c.c.StandardEngine [DirectJDKLog.java:173] Starting Servlet engine: [Apache Tomcat/9.0.19]
2024-04-11 19:59:05,081 INFO [restartedMain] o.a.c.c.AprLifecycleListener [DirectJDKLog.java:173] Loaded APR based Apache Tomcat Native library [1.2.37] using APR version [1.7.4].
2024-04-11 19:59:05,081 INFO [restartedMain] o.a.c.c.AprLifecycleListener [DirectJDKLog.java:173] APR capabilities: IPv6 [true], sendfile [true], accept filters [false], random [true].
2024-04-11 19:59:05,081 INFO [restartedMain] o.a.c.c.AprLifecycleListener [DirectJDKLog.java:173] APR/OpenSSL configuration: useAprConnector [false], useOpenSSL [true]
2024-04-11 19:59:05,101 INFO [restartedMain] o.a.c.c.AprLifecycleListener [DirectJDKLog.java:173] OpenSSL successfully initialized [OpenSSL 1.1.1u  30 May 2023]
2024-04-11 19:59:05,150 INFO [restartedMain] o.a.c.c.C.[.[.[/community] [DirectJDKLog.java:173] Initializing Spring embedded WebApplicationContext
2024-04-11 19:59:05,150 INFO [restartedMain] o.s.w.c.ContextLoader [ServletWebServerApplicationContext.java:296] Root WebApplicationContext: initialization completed in 873 ms
2024-04-11 19:59:05,487 INFO [restartedMain] o.s.s.c.ThreadPoolTaskExecutor [ExecutorConfigurationSupport.java:171] Initializing ExecutorService 'applicationTaskExecutor'
2024-04-11 19:59:05,547 INFO [restartedMain] o.s.b.a.w.s.WelcomePageHandlerMapping [WelcomePageHandlerMapping.java:61] Adding welcome page template: index
2024-04-11 19:59:05,611 INFO [restartedMain] o.s.b.d.a.OptionalLiveReloadServer [OptionalLiveReloadServer.java:57] LiveReload server is running on port 35729
2024-04-11 19:59:05,627 INFO [restartedMain] o.a.c.h.Http11NioProtocol [DirectJDKLog.java:173] Starting ProtocolHandler ["http-nio-8080"]
2024-04-11 19:59:05,640 INFO [restartedMain] o.s.b.w.e.t.TomcatWebServer [TomcatWebServer.java:204] Tomcat started on port(s): 8080 (http) with context path '/community'
2024-04-11 19:59:05,642 INFO [restartedMain] c.n.c.CommunityApplication [StartupInfoLogger.java:59] Started CommunityApplication in 1.627 seconds (JVM running for 3.667)
2024-04-11 19:59:18,532 INFO [http-nio-8080-exec-1] o.a.c.c.C.[.[.[/community] [DirectJDKLog.java:173] Initializing Spring DispatcherServlet 'dispatcherServlet'
2024-04-11 19:59:18,534 INFO [http-nio-8080-exec-1] o.s.w.s.DispatcherServlet [FrameworkServlet.java:524] Initializing Servlet 'dispatcherServlet'
2024-04-11 19:59:18,540 INFO [http-nio-8080-exec-1] o.s.w.s.DispatcherServlet [FrameworkServlet.java:546] Completed initialization in 6 ms
2024-04-11 19:59:18,585 INFO [http-nio-8080-exec-1] c.z.h.HikariDataSource [HikariDataSource.java:110] HikariPool-1 - Starting...
2024-04-11 19:59:18,697 INFO [http-nio-8080-exec-1] c.z.h.HikariDataSource [HikariDataSource.java:123] HikariPool-1 - Start completed.
2024-04-11 20:01:40,729 INFO [Thread-8] o.s.s.c.ThreadPoolTaskExecutor [ExecutorConfigurationSupport.java:208] Shutting down ExecutorService 'applicationTaskExecutor'
2024-04-11 20:01:40,730 INFO [Thread-8] c.z.h.HikariDataSource [HikariDataSource.java:350] HikariPool-1 - Shutdown initiated...
2024-04-11 20:01:40,738 INFO [Thread-8] c.z.h.HikariDataSource [HikariDataSource.java:352] HikariPool-1 - Shutdown completed.
2024-04-11 22:01:35,327 INFO [main] c.n.c.SensitiveTests [StartupInfoLogger.java:50] Starting SensitiveTests on Windows with PID 17640 (started by User1 in E:\JAVA\work\community)
2024-04-11 22:01:35,328 INFO [main] c.n.c.SensitiveTests [SpringApplication.java:675] No active profile set, falling back to default profiles: default
2024-04-11 22:01:36,852 INFO [main] o.s.s.c.ThreadPoolTaskExecutor [ExecutorConfigurationSupport.java:171] Initializing ExecutorService 'applicationTaskExecutor'
2024-04-11 22:01:36,965 INFO [main] o.s.b.a.w.s.WelcomePageHandlerMapping [WelcomePageHandlerMapping.java:61] Adding welcome page template: index
2024-04-11 22:01:37,141 INFO [main] c.n.c.SensitiveTests [StartupInfoLogger.java:59] Started SensitiveTests in 2.129 seconds (JVM running for 2.634)
2024-04-11 22:01:37,498 INFO [Thread-2] o.s.s.c.ThreadPoolTaskExecutor [ExecutorConfigurationSupport.java:208] Shutting down ExecutorService 'applicationTaskExecutor'
2024-04-11 22:04:13,113 INFO [main] c.n.c.SensitiveTests [StartupInfoLogger.java:50] Starting SensitiveTests on Windows with PID 20912 (started by User1 in E:\JAVA\work\community)
2024-04-11 22:04:13,114 INFO [main] c.n.c.SensitiveTests [SpringApplication.java:675] No active profile set, falling back to default profiles: default
2024-04-11 22:04:14,663 INFO [main] o.s.s.c.ThreadPoolTaskExecutor [ExecutorConfigurationSupport.java:171] Initializing ExecutorService 'applicationTaskExecutor'
2024-04-11 22:04:14,811 INFO [main] o.s.b.a.w.s.WelcomePageHandlerMapping [WelcomePageHandlerMapping.java:61] Adding welcome page template: index
2024-04-11 22:04:15,029 INFO [main] c.n.c.SensitiveTests [StartupInfoLogger.java:59] Started SensitiveTests in 2.19 seconds (JVM running for 2.648)
2024-04-11 22:04:15,332 INFO [Thread-2] o.s.s.c.ThreadPoolTaskExecutor [ExecutorConfigurationSupport.java:208] Shutting down ExecutorService 'applicationTaskExecutor'
2024-04-11 22:08:52,504 INFO [main] c.n.c.SensitiveTests [StartupInfoLogger.java:50] Starting SensitiveTests on Windows with PID 31792 (started by User1 in E:\JAVA\work\community)
2024-04-11 22:08:52,505 INFO [main] c.n.c.SensitiveTests [SpringApplication.java:675] No active profile set, falling back to default profiles: default
2024-04-11 22:08:53,994 INFO [main] o.s.s.c.ThreadPoolTaskExecutor [ExecutorConfigurationSupport.java:171] Initializing ExecutorService 'applicationTaskExecutor'
2024-04-11 22:08:54,109 INFO [main] o.s.b.a.w.s.WelcomePageHandlerMapping [WelcomePageHandlerMapping.java:61] Adding welcome page template: index
2024-04-11 22:08:54,265 INFO [main] c.n.c.SensitiveTests [StartupInfoLogger.java:59] Started SensitiveTests in 1.985 seconds (JVM running for 2.357)
2024-04-11 22:08:54,557 INFO [Thread-2] o.s.s.c.ThreadPoolTaskExecutor [ExecutorConfigurationSupport.java:208] Shutting down ExecutorService 'applicationTaskExecutor'
2024-04-11 22:13:02,514 INFO [main] c.n.c.SensitiveTests [StartupInfoLogger.java:50] Starting SensitiveTests on Windows with PID 32564 (started by User1 in E:\JAVA\work\community)
2024-04-11 22:13:02,515 INFO [main] c.n.c.SensitiveTests [SpringApplication.java:675] No active profile set, falling back to default profiles: default
2024-04-11 22:13:04,025 INFO [main] o.s.s.c.ThreadPoolTaskExecutor [ExecutorConfigurationSupport.java:171] Initializing ExecutorService 'applicationTaskExecutor'
2024-04-11 22:13:04,170 INFO [main] o.s.b.a.w.s.WelcomePageHandlerMapping [WelcomePageHandlerMapping.java:61] Adding welcome page template: index
2024-04-11 22:13:04,321 INFO [main] c.n.c.SensitiveTests [StartupInfoLogger.java:59] Started SensitiveTests in 2.032 seconds (JVM running for 2.43)
2024-04-11 22:13:04,613 INFO [Thread-2] o.s.s.c.ThreadPoolTaskExecutor [ExecutorConfigurationSupport.java:208] Shutting down ExecutorService 'applicationTaskExecutor'
2024-04-11 22:13:46,102 INFO [main] c.n.c.SensitiveTests [StartupInfoLogger.java:50] Starting SensitiveTests on Windows with PID 32324 (started by User1 in E:\JAVA\work\community)
2024-04-11 22:13:46,103 INFO [main] c.n.c.SensitiveTests [SpringApplication.java:675] No active profile set, falling back to default profiles: default
2024-04-11 22:13:47,519 INFO [main] o.s.s.c.ThreadPoolTaskExecutor [ExecutorConfigurationSupport.java:171] Initializing ExecutorService 'applicationTaskExecutor'
2024-04-11 22:13:47,640 INFO [main] o.s.b.a.w.s.WelcomePageHandlerMapping [WelcomePageHandlerMapping.java:61] Adding welcome page template: index
2024-04-11 22:13:47,794 INFO [main] c.n.c.SensitiveTests [StartupInfoLogger.java:59] Started SensitiveTests in 1.905 seconds (JVM running for 2.275)
2024-04-11 22:13:48,078 INFO [Thread-2] o.s.s.c.ThreadPoolTaskExecutor [ExecutorConfigurationSupport.java:208] Shutting down ExecutorService 'applicationTaskExecutor'
